C:\Program Files\Microsoft Visual Studio\2022\Community\MSBuild\Microsoft\VC\v170\Microsoft.CppBuild.targets(514,5): warning MSB8028: The intermediate directory (x64\Release\) contains files shared from another project (Magma Engine v6.vcxproj).  This can lead to incorrect clean and rebuild behavior.
  main.cpp
C:\Users\Moritz Desktop\source\repos\Magma Engine v7\includes\MojoAL\mojoal.c(1199,20): warning C4244: '=': conversion from 'double' to 'float', possible loss of data
C:\Users\Moritz Desktop\source\repos\Magma Engine v7\includes\MojoAL\mojoal.c(1200,21): warning C4244: '=': conversion from 'double' to 'float', possible loss of data
C:\Users\Moritz Desktop\source\repos\Magma Engine v7\includes\MojoAL\mojoal.c(1201,18): warning C4244: '=': conversion from 'double' to 'float', possible loss of data
C:\Users\Moritz Desktop\source\repos\Magma Engine v7\includes\MojoAL\mojoal.c(1253,58): warning C4244: '=': conversion from 'double' to 'ALfloat', possible loss of data
C:\Users\Moritz Desktop\source\repos\Magma Engine v7\includes\MojoAL\mojoal.c(1275,39): warning C4244: '=': conversion from 'double' to 'ALfloat', possible loss of data
C:\Users\Moritz Desktop\source\repos\Magma Engine v7\includes\MojoAL\mojoal.c(1281,26): warning C4244: '=': conversion from 'double' to 'int', possible loss of data
C:\Users\Moritz Desktop\source\repos\Magma Engine v7\includes\MojoAL\mojoal.c(1293,41): warning C4244: '=': conversion from 'double' to 'ALfloat', possible loss of data
C:\Users\Moritz Desktop\source\repos\Magma Engine v7\includes\MojoAL\mojoal.c(1294,43): warning C4244: '=': conversion from 'double' to 'ALfloat', possible loss of data
C:\Users\Moritz Desktop\source\repos\Magma Engine v7\includes\MojoAL\mojoal.c(1302,26): warning C4244: '=': conversion from 'float' to 'int', possible loss of data
C:\Users\Moritz Desktop\source\repos\Magma Engine v7\includes\MojoAL\mojoal.c(1330,39): warning C4244: '+=': conversion from 'double' to 'ALfloat', possible loss of data
C:\Users\Moritz Desktop\source\repos\Magma Engine v7\includes\MojoAL\mojoal.c(1334,45): warning C4244: '=': conversion from 'double' to 'ALfloat', possible loss of data
C:\Users\Moritz Desktop\source\repos\Magma Engine v7\includes\MojoAL\mojoal.c(1335,47): warning C4244: '=': conversion from 'double' to 'ALfloat', possible loss of data
C:\Users\Moritz Desktop\source\repos\Magma Engine v7\includes\MojoAL\mojoal.c(1347,73): warning C4244: '+=': conversion from 'double' to 'ALfloat', possible loss of data
C:\Users\Moritz Desktop\source\repos\Magma Engine v7\includes\MojoAL\mojoal.c(4259,28): warning C4244: '=': conversion from 'ALfloat' to 'int', possible loss of data
C:\Users\Moritz Desktop\source\repos\Magma Engine v7\includes\MojoAL\mojoal.c(4262,35): warning C4244: '=': conversion from 'ALfloat' to 'int', possible loss of data
C:\Users\Moritz Desktop\source\repos\Magma Engine v7\includes\Wave\WaveMath.h(46,11): warning C5033: 'register' is no longer a supported storage class
C:\Users\Moritz Desktop\source\repos\Magma Engine v7\includes\Wave\WaveMath.h(54,11): warning C5033: 'register' is no longer a supported storage class
C:\Users\Moritz Desktop\source\repos\Magma Engine v7\includes\Wave\WaveMath.h(63,11): warning C5033: 'register' is no longer a supported storage class
C:\Users\Moritz Desktop\source\repos\Magma Engine v7\includes\Wave\WaveMath.h(73,11): warning C5033: 'register' is no longer a supported storage class
C:\Users\Moritz Desktop\source\repos\Magma Engine v7\includes\Wave\WaveMath.h(80,11): warning C5033: 'register' is no longer a supported storage class
C:\Users\Moritz Desktop\source\repos\Magma Engine v7\includes\Wave\WaveMath.h(88,11): warning C5033: 'register' is no longer a supported storage class
C:\Users\Moritz Desktop\source\repos\Magma Engine v7\includes\Wave\WaveMath.h(379,11): warning C5033: 'register' is no longer a supported storage class
C:\Users\Moritz Desktop\source\repos\Magma Engine v7\includes\Wave\WaveMath.h(380,11): warning C5033: 'register' is no longer a supported storage class
C:\Users\Moritz Desktop\source\repos\Magma Engine v7\includes\Wave\WaveMath.h(390,11): warning C5033: 'register' is no longer a supported storage class
C:\Users\Moritz Desktop\source\repos\Magma Engine v7\includes\Wave\WaveMath.h(391,11): warning C5033: 'register' is no longer a supported storage class
C:\Users\Moritz Desktop\source\repos\Magma Engine v7\includes\Wave\WaveMath.h(392,11): warning C5033: 'register' is no longer a supported storage class
C:\Users\Moritz Desktop\source\repos\Magma Engine v7\includes\Wave\WaveMath.h(403,11): warning C5033: 'register' is no longer a supported storage class
C:\Users\Moritz Desktop\source\repos\Magma Engine v7\includes\Wave\WaveMath.h(404,11): warning C5033: 'register' is no longer a supported storage class
C:\Users\Moritz Desktop\source\repos\Magma Engine v7\includes\Wave\WaveMath.h(405,11): warning C5033: 'register' is no longer a supported storage class
C:\Users\Moritz Desktop\source\repos\Magma Engine v7\includes\Wave\WaveMath.h(721,11): warning C5033: 'register' is no longer a supported storage class
C:\Users\Moritz Desktop\source\repos\Magma Engine v7\includes\Wave\WaveMath.h(722,11): warning C5033: 'register' is no longer a supported storage class
C:\Users\Moritz Desktop\source\repos\Magma Engine v7\includes\Wave\WaveMath.h(751,11): warning C5033: 'register' is no longer a supported storage class
C:\Users\Moritz Desktop\source\repos\Magma Engine v7\includes\Wave\WaveMath.h(752,11): warning C5033: 'register' is no longer a supported storage class
C:\Users\Moritz Desktop\source\repos\Magma Engine v7\includes\Wave\WaveMath.h(781,11): warning C5033: 'register' is no longer a supported storage class
C:\Users\Moritz Desktop\source\repos\Magma Engine v7\includes\Wave\WaveMath.h(782,11): warning C5033: 'register' is no longer a supported storage class
C:\Users\Moritz Desktop\source\repos\Magma Engine v7\includes\Wave\WaveMath.h(811,11): warning C5033: 'register' is no longer a supported storage class
C:\Users\Moritz Desktop\source\repos\Magma Engine v7\includes\Wave\WaveMath.h(812,11): warning C5033: 'register' is no longer a supported storage class
C:\Users\Moritz Desktop\source\repos\Magma Engine v7\includes\Wave\WaveMath.h(841,11): warning C5033: 'register' is no longer a supported storage class
C:\Users\Moritz Desktop\source\repos\Magma Engine v7\includes\Wave\WaveMath.h(842,11): warning C5033: 'register' is no longer a supported storage class
C:\Users\Moritz Desktop\source\repos\Magma Engine v7\includes\Wave\WaveMath.h(871,11): warning C5033: 'register' is no longer a supported storage class
C:\Users\Moritz Desktop\source\repos\Magma Engine v7\includes\Wave\WaveMath.h(872,11): warning C5033: 'register' is no longer a supported storage class
C:\Users\Moritz Desktop\source\repos\Magma Engine v7\includes\Wave\WaveMath.h(963,11): warning C5033: 'register' is no longer a supported storage class
C:\Users\Moritz Desktop\source\repos\Magma Engine v7\includes\Wave\WaveMath.h(963,36): warning C4244: 'argument': conversion from 'double' to 'float', possible loss of data
C:\Users\Moritz Desktop\source\repos\Magma Engine v7\includes\Wave\WaveMath.h(963,19): warning C4244: 'initializing': conversion from 'double' to 'float', possible loss of data
C:\Users\Moritz Desktop\source\repos\Magma Engine v7\includes\Wave\WaveMath.h(991,11): warning C5033: 'register' is no longer a supported storage class
C:\Users\Moritz Desktop\source\repos\Magma Engine v7\includes\Wave\WaveMath.h(991,36): warning C4244: 'argument': conversion from 'double' to 'float', possible loss of data
C:\Users\Moritz Desktop\source\repos\Magma Engine v7\includes\Wave\WaveMath.h(991,19): warning C4244: 'initializing': conversion from 'double' to 'float', possible loss of data
C:\Users\Moritz Desktop\source\repos\Magma Engine v7\includes\Wave\WaveMath.h(1201,23): warning C4244: 'return': conversion from 'double' to 'float', possible loss of data
C:\Users\Moritz Desktop\source\repos\Magma Engine v7\includes\Wave\WaveLoader.h(714,35): warning C4267: 'initializing': conversion from 'size_t' to 'uint32_t', possible loss of data
C:\Users\Moritz Desktop\source\repos\Magma Engine v7\includes\Wave\WaveLoader.h(1016,32): warning C4244: '=': conversion from 'double' to 'float', possible loss of data
C:\Users\Moritz Desktop\source\repos\Magma Engine v7\includes\Wave\WaveLoader.h(1344,2): warning C4267: '=': conversion from 'size_t' to 'uint32_t', possible loss of data
C:\Users\Moritz Desktop\source\repos\Magma Engine v7\Magma Engine v7\Md2Loader.h(105,12): warning C5033: 'register' is no longer a supported storage class
C:\Users\Moritz Desktop\source\repos\Magma Engine v7\includes\OpenVK\OpenVK_VkHelperFunc.h(491,57): warning C4267: 'return': conversion from 'size_t' to 'uint32_t', possible loss of data
C:\Users\Moritz Desktop\source\repos\Magma Engine v7\includes\OpenVK\OpenVK_VkHelperFunc.h(498,50): warning C4244: 'argument': conversion from 'VkDeviceSize' to 'uint32_t', possible loss of data
C:\Users\Moritz Desktop\source\repos\Magma Engine v7\includes\OpenVK\OpenVK_VkHelperFunc.h(498,72): warning C4267: 'argument': conversion from 'size_t' to 'uint32_t', possible loss of data
C:\Users\Moritz Desktop\source\repos\Magma Engine v7\includes\OpenVK\OpenVK_VkHelperFunc.h(509,54): warning C4267: 'return': conversion from 'size_t' to 'uint32_t', possible loss of data
C:\Users\Moritz Desktop\source\repos\Magma Engine v7\includes\OpenVK\OpenVK_VkHelperFunc.h(549,26): warning C4101: 'ImageProperties': unreferenced local variable
C:\Users\Moritz Desktop\source\repos\Magma Engine v7\includes\OpenVK\OpenVK_VkHelperFunc.h(916,33): warning C4244: '*=': conversion from 'double' to 'int32_t', possible loss of data
C:\Users\Moritz Desktop\source\repos\Magma Engine v7\includes\OpenVK\OpenVK_VkHelperFunc.h(917,35): warning C4244: '*=': conversion from 'double' to 'int32_t', possible loss of data
C:\Users\Moritz Desktop\source\repos\Magma Engine v7\includes\OpenVK\OpenVK_VkRaytracing.h(331,55): warning C4267: 'return': conversion from 'size_t' to 'uint32_t', possible loss of data
C:\Users\Moritz Desktop\source\repos\Magma Engine v7\includes\OpenVK\OpenVK_VkRaytracing.h(420,61): warning C4267: 'return': conversion from 'size_t' to 'uint32_t', possible loss of data
C:\Users\Moritz Desktop\source\repos\Magma Engine v7\includes\OpenVK\OpenVK_VkRaytracing.h(439,52): warning C4267: 'return': conversion from 'size_t' to 'uint32_t', possible loss of data
C:\Users\Moritz Desktop\source\repos\Magma Engine v7\includes\OpenVK\OpenVK_VkRaytracing.h(586,55): warning C4267: 'return': conversion from 'size_t' to 'OpenVkBool', possible loss of data
C:\Users\Moritz Desktop\source\repos\Magma Engine v7\includes\OpenVK\OpenVK_VkRenderer.h(326,55): warning C4267: 'return': conversion from 'size_t' to 'uint32_t', possible loss of data
C:\Users\Moritz Desktop\source\repos\Magma Engine v7\includes\OpenVK\OpenVK_VkRenderer.h(337,81): warning C4018: '<': signed/unsigned mismatch
C:\Users\Moritz Desktop\source\repos\Magma Engine v7\includes\OpenVK\OpenVK_VkRenderer.h(354,55): warning C4267: 'return': conversion from 'size_t' to 'uint32_t', possible loss of data
C:\Users\Moritz Desktop\source\repos\Magma Engine v7\includes\OpenVK\OpenVK_VkRenderer.h(374,81): warning C4018: '<': signed/unsigned mismatch
C:\Users\Moritz Desktop\source\repos\Magma Engine v7\includes\OpenVK\OpenVK_VkRenderer.h(389,55): warning C4267: 'return': conversion from 'size_t' to 'uint32_t', possible loss of data
C:\Users\Moritz Desktop\source\repos\Magma Engine v7\includes\OpenVK\OpenVK_VkRenderer.h(442,83): warning C4018: '<': signed/unsigned mismatch
C:\Users\Moritz Desktop\source\repos\Magma Engine v7\includes\OpenVK\OpenVK_VkRenderer.h(478,83): warning C4018: '<': signed/unsigned mismatch
C:\Users\Moritz Desktop\source\repos\Magma Engine v7\includes\OpenVK\OpenVK_VkRenderer.h(401,26): warning C4101: 'DepthAttachmentDescription': unreferenced local variable
C:\Users\Moritz Desktop\source\repos\Magma Engine v7\includes\OpenVK\OpenVK_VkRenderer.h(402,26): warning C4101: 'ColorAttachmentResolveDescription': unreferenced local variable
C:\Users\Moritz Desktop\source\repos\Magma Engine v7\includes\OpenVK\OpenVK_VkRenderer.h(400,26): warning C4101: 'ColorAttachmentDescription': unreferenced local variable
C:\Users\Moritz Desktop\source\repos\Magma Engine v7\includes\OpenVK\OpenVK_VkRenderer.h(846,49): warning C4267: '=': conversion from 'size_t' to 'uint32_t', possible loss of data
C:\Users\Moritz Desktop\source\repos\Magma Engine v7\includes\OpenVK\OpenVK_VkRenderer.h(882,19): warning C4244: '=': conversion from 'uint32_t' to 'float', possible loss of data
C:\Users\Moritz Desktop\source\repos\Magma Engine v7\includes\OpenVK\OpenVK_VkRenderer.h(883,19): warning C4244: '=': conversion from 'uint32_t' to 'float', possible loss of data
C:\Users\Moritz Desktop\source\repos\Magma Engine v7\includes\OpenVK\OpenVK_VkRenderer.h(884,23): warning C4244: '=': conversion from 'uint32_t' to 'float', possible loss of data
C:\Users\Moritz Desktop\source\repos\Magma Engine v7\includes\OpenVK\OpenVK_VkRenderer.h(885,24): warning C4244: '=': conversion from 'uint32_t' to 'float', possible loss of data
C:\Users\Moritz Desktop\source\repos\Magma Engine v7\includes\OpenVK\OpenVK_VkRenderer.h(924,86): warning C4018: '<': signed/unsigned mismatch
C:\Users\Moritz Desktop\source\repos\Magma Engine v7\includes\OpenVK\OpenVK_VkRenderer.h(1179,63): warning C4267: 'return': conversion from 'size_t' to 'uint32_t', possible loss of data
C:\Users\Moritz Desktop\source\repos\Magma Engine v7\includes\OpenVK\OpenVK_VkRenderer.h(1413,87): warning C4267: 'initializing': conversion from 'size_t' to 'uint32_t', possible loss of data
C:\Users\Moritz Desktop\source\repos\Magma Engine v7\includes\OpenVK\OpenVK_VkRenderer.h(1565,38): warning C4244: 'argument': conversion from 'int32_t' to 'float', possible loss of data
C:\Users\Moritz Desktop\source\repos\Magma Engine v7\includes\OpenVK\OpenVK_VkRenderer.h(1565,59): warning C4244: '=': conversion from 'float' to 'uint32_t', possible loss of data
C:\Users\Moritz Desktop\source\repos\Magma Engine v7\includes\OpenVK\OpenVK_VkRenderer.h(1602,52): warning C4267: 'return': conversion from 'size_t' to 'uint32_t', possible loss of data
C:\Users\Moritz Desktop\source\repos\Magma Engine v7\includes\OpenVK\OpenVK_VkRenderer.h(1644,45): warning C4267: 'return': conversion from 'size_t' to 'uint32_t', possible loss of data
C:\Users\Moritz Desktop\source\repos\Magma Engine v7\includes\OpenVK\OpenVK_VkRenderer.h(1742,33): warning C4244: '=': conversion from 'uint32_t' to 'float', possible loss of data
C:\Users\Moritz Desktop\source\repos\Magma Engine v7\includes\OpenVK\OpenVK_VkRenderer.h(1753,48): warning C4267: 'return': conversion from 'size_t' to 'uint32_t', possible loss of data
C:\Users\Moritz Desktop\source\repos\Magma Engine v7\includes\OpenVK\OpenVK_VkRenderer.h(1819,61): warning C4267: 'return': conversion from 'size_t' to 'uint32_t', possible loss of data
C:\Users\Moritz Desktop\source\repos\Magma Engine v7\includes\OpenVK\OpenVK_VkRenderer.h(1992,212): warning C4267: 'argument': conversion from 'size_t' to 'uint32_t', possible loss of data
C:\Users\Moritz Desktop\source\repos\Magma Engine v7\includes\OpenVK\OpenVK_GUI.h(204,9): warning C4244: 'return': conversion from 'float' to 'uint32_t', possible loss of data
C:\Users\Moritz Desktop\source\repos\Magma Engine v7\includes\OpenVK\OpenVK_GUI.h(424,21): warning C4244: '=': conversion from 'double' to 'uint32_t', possible loss of data
C:\Users\Moritz Desktop\source\repos\Magma Engine v7\includes\OpenVK\OpenVK_GUI.h(425,30): warning C4244: '=': conversion from 'float' to 'uint32_t', possible loss of data
C:\Users\Moritz Desktop\source\repos\Magma Engine v7\includes\OpenVK\OpenVK_GUI.h(656,33): warning C4244: 'argument': conversion from 'uint32_t' to 'float', possible loss of data
C:\Users\Moritz Desktop\source\repos\Magma Engine v7\includes\OpenVK\OpenVK_GUI.h(656,26): warning C4244: 'argument': conversion from 'uint32_t' to 'float', possible loss of data
C:\Users\Moritz Desktop\source\repos\Magma Engine v7\includes\OpenVK\OpenVK_GUI.h(703,61): warning C4244: 'argument': conversion from 'uint32_t' to 'float', possible loss of data
C:\Users\Moritz Desktop\source\repos\Magma Engine v7\includes\OpenVK\OpenVK_GUI.h(703,44): warning C4244: 'argument': conversion from 'uint32_t' to 'float', possible loss of data
C:\Users\Moritz Desktop\source\repos\Magma Engine v7\includes\OpenVK\OpenVK_GUI.h(754,22): warning C4244: '+=': conversion from 'double' to 'uint32_t', possible loss of data
C:\Users\Moritz Desktop\source\repos\Magma Engine v7\includes\OpenVK\OpenVK_GUI.h(760,33): warning C4267: 'initializing': conversion from 'size_t' to 'uint32_t', possible loss of data
C:\Users\Moritz Desktop\source\repos\Magma Engine v7\includes\OpenVK\OpenVK_GUI.h(761,17): warning C4244: 'initializing': conversion from 'double' to 'uint32_t', possible loss of data
C:\Users\Moritz Desktop\source\repos\Magma Engine v7\includes\OpenVK\OpenVK_GUI.h(781,11): warning C4244: 'initializing': conversion from 'double' to 'float', possible loss of data
C:\Users\Moritz Desktop\source\repos\Magma Engine v7\includes\OpenVK\OpenVK_GUI.h(838,11): warning C4244: 'return': conversion from 'float' to 'uint32_t', possible loss of data
C:\Users\Moritz Desktop\source\repos\Magma Engine v7\includes\OpenVK\OpenVK_GUI.h(845,8): warning C4838: conversion from 'int32_t' to 'float' requires a narrowing conversion
C:\Users\Moritz Desktop\source\repos\Magma Engine v7\includes\OpenVK\OpenVK_GUI.h(845,8): warning C4244: 'initializing': conversion from 'int32_t' to 'float', possible loss of data
C:\Users\Moritz Desktop\source\repos\Magma Engine v7\includes\OpenVK\OpenVK_GUI.h(845,16): warning C4838: conversion from 'int32_t' to 'float' requires a narrowing conversion
C:\Users\Moritz Desktop\source\repos\Magma Engine v7\includes\OpenVK\OpenVK_GUI.h(845,16): warning C4244: 'initializing': conversion from 'int32_t' to 'float', possible loss of data
C:\Users\Moritz Desktop\source\repos\Magma Engine v7\includes\OpenVK\OpenVK_GUI.h(845,41): warning C4838: conversion from 'int32_t' to 'float' requires a narrowing conversion
C:\Users\Moritz Desktop\source\repos\Magma Engine v7\includes\OpenVK\OpenVK_GUI.h(845,41): warning C4244: 'initializing': conversion from 'int32_t' to 'float', possible loss of data
C:\Users\Moritz Desktop\source\repos\Magma Engine v7\includes\OpenVK\OpenVK_GUI.h(845,44): warning C4838: conversion from 'int32_t' to 'float' requires a narrowing conversion
C:\Users\Moritz Desktop\source\repos\Magma Engine v7\includes\OpenVK\OpenVK_GUI.h(845,44): warning C4244: 'initializing': conversion from 'int32_t' to 'float', possible loss of data
C:\Users\Moritz Desktop\source\repos\Magma Engine v7\includes\OpenVK\OpenVK_GUI.h(846,8): warning C4838: conversion from 'int32_t' to 'float' requires a narrowing conversion
C:\Users\Moritz Desktop\source\repos\Magma Engine v7\includes\OpenVK\OpenVK_GUI.h(846,8): warning C4244: 'initializing': conversion from 'int32_t' to 'float', possible loss of data
C:\Users\Moritz Desktop\source\repos\Magma Engine v7\includes\OpenVK\OpenVK_GUI.h(846,13): warning C4838: conversion from 'int32_t' to 'float' requires a narrowing conversion
C:\Users\Moritz Desktop\source\repos\Magma Engine v7\includes\OpenVK\OpenVK_GUI.h(846,13): warning C4244: 'initializing': conversion from 'int32_t' to 'float', possible loss of data
C:\Users\Moritz Desktop\source\repos\Magma Engine v7\includes\OpenVK\OpenVK_GUI.h(846,37): warning C4838: conversion from 'int32_t' to 'float' requires a narrowing conversion
C:\Users\Moritz Desktop\source\repos\Magma Engine v7\includes\OpenVK\OpenVK_GUI.h(846,37): warning C4244: 'initializing': conversion from 'int32_t' to 'float', possible loss of data
C:\Users\Moritz Desktop\source\repos\Magma Engine v7\includes\OpenVK\OpenVK_GUI.h(846,40): warning C4838: conversion from 'int32_t' to 'float' requires a narrowing conversion
C:\Users\Moritz Desktop\source\repos\Magma Engine v7\includes\OpenVK\OpenVK_GUI.h(846,40): warning C4244: 'initializing': conversion from 'int32_t' to 'float', possible loss of data
C:\Users\Moritz Desktop\source\repos\Magma Engine v7\includes\OpenVK\OpenVK_GUI.h(847,6): warning C4838: conversion from 'int32_t' to 'float' requires a narrowing conversion
C:\Users\Moritz Desktop\source\repos\Magma Engine v7\includes\OpenVK\OpenVK_GUI.h(847,6): warning C4244: 'initializing': conversion from 'int32_t' to 'float', possible loss of data
C:\Users\Moritz Desktop\source\repos\Magma Engine v7\includes\OpenVK\OpenVK_GUI.h(847,9): warning C4838: conversion from 'int32_t' to 'float' requires a narrowing conversion
C:\Users\Moritz Desktop\source\repos\Magma Engine v7\includes\OpenVK\OpenVK_GUI.h(847,9): warning C4244: 'initializing': conversion from 'int32_t' to 'float', possible loss of data
C:\Users\Moritz Desktop\source\repos\Magma Engine v7\includes\OpenVK\OpenVK_GUI.h(847,34): warning C4838: conversion from 'int32_t' to 'float' requires a narrowing conversion
C:\Users\Moritz Desktop\source\repos\Magma Engine v7\includes\OpenVK\OpenVK_GUI.h(847,34): warning C4244: 'initializing': conversion from 'int32_t' to 'float', possible loss of data
C:\Users\Moritz Desktop\source\repos\Magma Engine v7\includes\OpenVK\OpenVK_GUI.h(847,37): warning C4838: conversion from 'int32_t' to 'float' requires a narrowing conversion
C:\Users\Moritz Desktop\source\repos\Magma Engine v7\includes\OpenVK\OpenVK_GUI.h(847,37): warning C4244: 'initializing': conversion from 'int32_t' to 'float', possible loss of data
C:\Users\Moritz Desktop\source\repos\Magma Engine v7\includes\OpenVK\OpenVK_GUI.h(848,6): warning C4838: conversion from 'int32_t' to 'float' requires a narrowing conversion
C:\Users\Moritz Desktop\source\repos\Magma Engine v7\includes\OpenVK\OpenVK_GUI.h(848,6): warning C4244: 'initializing': conversion from 'int32_t' to 'float', possible loss of data
C:\Users\Moritz Desktop\source\repos\Magma Engine v7\includes\OpenVK\OpenVK_GUI.h(848,12): warning C4838: conversion from 'int32_t' to 'float' requires a narrowing conversion
C:\Users\Moritz Desktop\source\repos\Magma Engine v7\includes\OpenVK\OpenVK_GUI.h(848,12): warning C4244: 'initializing': conversion from 'int32_t' to 'float', possible loss of data
C:\Users\Moritz Desktop\source\repos\Magma Engine v7\includes\OpenVK\OpenVK_GUI.h(848,38): warning C4838: conversion from 'int32_t' to 'float' requires a narrowing conversion
C:\Users\Moritz Desktop\source\repos\Magma Engine v7\includes\OpenVK\OpenVK_GUI.h(848,38): warning C4244: 'initializing': conversion from 'int32_t' to 'float', possible loss of data
C:\Users\Moritz Desktop\source\repos\Magma Engine v7\includes\OpenVK\OpenVK_GUI.h(848,41): warning C4838: conversion from 'int32_t' to 'float' requires a narrowing conversion
C:\Users\Moritz Desktop\source\repos\Magma Engine v7\includes\OpenVK\OpenVK_GUI.h(848,41): warning C4244: 'initializing': conversion from 'int32_t' to 'float', possible loss of data
C:\Users\Moritz Desktop\source\repos\Magma Engine v7\includes\OpenVK\OpenVK_GUI.h(872,27): warning C4018: '<': signed/unsigned mismatch
C:\Users\Moritz Desktop\source\repos\Magma Engine v7\includes\OpenVK\OpenVK_GUI.h(873,24): warning C4018: '>': signed/unsigned mismatch
C:\Users\Moritz Desktop\source\repos\Magma Engine v7\includes\OpenVK\OpenVK_GUI.h(874,24): warning C4018: '<': signed/unsigned mismatch
C:\Users\Moritz Desktop\source\repos\Magma Engine v7\includes\OpenVK\OpenVK_GUI.h(875,24): warning C4018: '>': signed/unsigned mismatch
C:\Users\Moritz Desktop\source\repos\Magma Engine v7\includes\OpenVK\OpenVK_GUI.h(916,15): warning C4838: conversion from 'int32_t' to 'float' requires a narrowing conversion
C:\Users\Moritz Desktop\source\repos\Magma Engine v7\includes\OpenVK\OpenVK_GUI.h(916,15): warning C4244: 'initializing': conversion from 'int32_t' to 'float', possible loss of data
C:\Users\Moritz Desktop\source\repos\Magma Engine v7\includes\OpenVK\OpenVK_GUI.h(916,34): warning C4838: conversion from 'int32_t' to 'float' requires a narrowing conversion
C:\Users\Moritz Desktop\source\repos\Magma Engine v7\includes\OpenVK\OpenVK_GUI.h(916,34): warning C4244: 'initializing': conversion from 'int32_t' to 'float', possible loss of data
C:\Users\Moritz Desktop\source\repos\Magma Engine v7\includes\OpenVK\OpenVK_GUI.h(916,70): warning C4838: conversion from 'int32_t' to 'float' requires a narrowing conversion
C:\Users\Moritz Desktop\source\repos\Magma Engine v7\includes\OpenVK\OpenVK_GUI.h(916,70): warning C4244: 'initializing': conversion from 'int32_t' to 'float', possible loss of data
C:\Users\Moritz Desktop\source\repos\Magma Engine v7\includes\OpenVK\OpenVK_GUI.h(916,79): warning C4838: conversion from 'int32_t' to 'float' requires a narrowing conversion
C:\Users\Moritz Desktop\source\repos\Magma Engine v7\includes\OpenVK\OpenVK_GUI.h(916,79): warning C4244: 'initializing': conversion from 'int32_t' to 'float', possible loss of data
C:\Users\Moritz Desktop\source\repos\Magma Engine v7\includes\OpenVK\OpenVK_GUI.h(917,15): warning C4838: conversion from 'int32_t' to 'float' requires a narrowing conversion
C:\Users\Moritz Desktop\source\repos\Magma Engine v7\includes\OpenVK\OpenVK_GUI.h(917,15): warning C4244: 'initializing': conversion from 'int32_t' to 'float', possible loss of data
C:\Users\Moritz Desktop\source\repos\Magma Engine v7\includes\OpenVK\OpenVK_GUI.h(917,30): warning C4838: conversion from 'int32_t' to 'float' requires a narrowing conversion
C:\Users\Moritz Desktop\source\repos\Magma Engine v7\includes\OpenVK\OpenVK_GUI.h(917,30): warning C4244: 'initializing': conversion from 'int32_t' to 'float', possible loss of data
C:\Users\Moritz Desktop\source\repos\Magma Engine v7\includes\OpenVK\OpenVK_GUI.h(917,64): warning C4838: conversion from 'int32_t' to 'float' requires a narrowing conversion
C:\Users\Moritz Desktop\source\repos\Magma Engine v7\includes\OpenVK\OpenVK_GUI.h(917,64): warning C4244: 'initializing': conversion from 'int32_t' to 'float', possible loss of data
C:\Users\Moritz Desktop\source\repos\Magma Engine v7\includes\OpenVK\OpenVK_GUI.h(917,73): warning C4838: conversion from 'int32_t' to 'float' requires a narrowing conversion
C:\Users\Moritz Desktop\source\repos\Magma Engine v7\includes\OpenVK\OpenVK_GUI.h(917,73): warning C4244: 'initializing': conversion from 'int32_t' to 'float', possible loss of data
C:\Users\Moritz Desktop\source\repos\Magma Engine v7\includes\OpenVK\OpenVK_GUI.h(918,11): warning C4838: conversion from 'int32_t' to 'float' requires a narrowing conversion
C:\Users\Moritz Desktop\source\repos\Magma Engine v7\includes\OpenVK\OpenVK_GUI.h(918,11): warning C4244: 'initializing': conversion from 'int32_t' to 'float', possible loss of data
C:\Users\Moritz Desktop\source\repos\Magma Engine v7\includes\OpenVK\OpenVK_GUI.h(918,24): warning C4838: conversion from 'int32_t' to 'float' requires a narrowing conversion
C:\Users\Moritz Desktop\source\repos\Magma Engine v7\includes\OpenVK\OpenVK_GUI.h(918,24): warning C4244: 'initializing': conversion from 'int32_t' to 'float', possible loss of data
C:\Users\Moritz Desktop\source\repos\Magma Engine v7\includes\OpenVK\OpenVK_GUI.h(918,59): warning C4838: conversion from 'int32_t' to 'float' requires a narrowing conversion
C:\Users\Moritz Desktop\source\repos\Magma Engine v7\includes\OpenVK\OpenVK_GUI.h(918,59): warning C4244: 'initializing': conversion from 'int32_t' to 'float', possible loss of data
C:\Users\Moritz Desktop\source\repos\Magma Engine v7\includes\OpenVK\OpenVK_GUI.h(918,68): warning C4838: conversion from 'int32_t' to 'float' requires a narrowing conversion
C:\Users\Moritz Desktop\source\repos\Magma Engine v7\includes\OpenVK\OpenVK_GUI.h(918,68): warning C4244: 'initializing': conversion from 'int32_t' to 'float', possible loss of data
C:\Users\Moritz Desktop\source\repos\Magma Engine v7\includes\OpenVK\OpenVK_GUI.h(919,11): warning C4838: conversion from 'int32_t' to 'float' requires a narrowing conversion
C:\Users\Moritz Desktop\source\repos\Magma Engine v7\includes\OpenVK\OpenVK_GUI.h(919,11): warning C4244: 'initializing': conversion from 'int32_t' to 'float', possible loss of data
C:\Users\Moritz Desktop\source\repos\Magma Engine v7\includes\OpenVK\OpenVK_GUI.h(919,28): warning C4838: conversion from 'int32_t' to 'float' requires a narrowing conversion
C:\Users\Moritz Desktop\source\repos\Magma Engine v7\includes\OpenVK\OpenVK_GUI.h(919,28): warning C4244: 'initializing': conversion from 'int32_t' to 'float', possible loss of data
C:\Users\Moritz Desktop\source\repos\Magma Engine v7\includes\OpenVK\OpenVK_GUI.h(919,65): warning C4838: conversion from 'int32_t' to 'float' requires a narrowing conversion
C:\Users\Moritz Desktop\source\repos\Magma Engine v7\includes\OpenVK\OpenVK_GUI.h(919,65): warning C4244: 'initializing': conversion from 'int32_t' to 'float', possible loss of data
C:\Users\Moritz Desktop\source\repos\Magma Engine v7\includes\OpenVK\OpenVK_GUI.h(919,74): warning C4838: conversion from 'int32_t' to 'float' requires a narrowing conversion
C:\Users\Moritz Desktop\source\repos\Magma Engine v7\includes\OpenVK\OpenVK_GUI.h(919,74): warning C4244: 'initializing': conversion from 'int32_t' to 'float', possible loss of data
C:\Users\Moritz Desktop\source\repos\Magma Engine v7\includes\OpenVK\OpenVK_GUI.h(945,29): warning C4244: 'initializing': conversion from 'float' to 'uint32_t', possible loss of data
C:\Users\Moritz Desktop\source\repos\Magma Engine v7\includes\OpenVK\OpenVK_GUI.h(946,27): warning C4244: 'initializing': conversion from 'float' to 'uint32_t', possible loss of data
C:\Users\Moritz Desktop\source\repos\Magma Engine v7\includes\OpenVK\OpenVK_GUI.h(1102,77): warning C4244: 'argument': conversion from 'float' to 'int32_t', possible loss of data
C:\Users\Moritz Desktop\source\repos\Magma Engine v7\includes\OpenVK\OpenVK_GUI.h(1102,43): warning C4244: 'argument': conversion from 'float' to 'int32_t', possible loss of data
C:\Users\Moritz Desktop\source\repos\Magma Engine v7\includes\OpenVK\OpenVK_GUI.h(1103,118): warning C4552: '+': result of expression not used
C:\Users\Moritz Desktop\source\repos\Magma Engine v7\includes\OpenVK\OpenVK_GUI.h(1133,57): warning C4244: 'argument': conversion from 'float' to 'uint32_t', possible loss of data
C:\Users\Moritz Desktop\source\repos\Magma Engine v7\includes\OpenVK\OpenVK_GUI.h(1138,37): warning C4244: '=': conversion from 'float' to 'uint32_t', possible loss of data
C:\Users\Moritz Desktop\source\repos\Magma Engine v7\includes\OpenVK\OpenVK_GUI.h(1150,20): warning C4244: 'argument': conversion from 'float' to 'uint32_t', possible loss of data
C:\Users\Moritz Desktop\source\repos\Magma Engine v7\includes\OpenVK\OpenVK_GUI.h(1149,73): warning C4244: 'argument': conversion from 'float' to 'uint32_t', possible loss of data
C:\Users\Moritz Desktop\source\repos\Magma Engine v7\includes\OpenVK\OpenVK_GUI.h(1165,20): warning C4244: '=': conversion from 'float' to 'int32_t', possible loss of data
C:\Users\Moritz Desktop\source\repos\Magma Engine v7\includes\OpenVK\OpenVK_GUI.h(1198,20): warning C4244: '=': conversion from 'float' to 'int32_t', possible loss of data
C:\Users\Moritz Desktop\source\repos\Magma Engine v7\includes\OpenVK\OpenVK_GUI.h(1199,20): warning C4244: '=': conversion from 'float' to 'int32_t', possible loss of data
C:\Users\Moritz Desktop\source\repos\Magma Engine v7\includes\OpenVK\OpenVK_GUI.h(1213,48): warning C4244: 'argument': conversion from 'double' to 'int32_t', possible loss of data
C:\Users\Moritz Desktop\source\repos\Magma Engine v7\includes\OpenVK\OpenVK_GUI.h(1212,48): warning C4244: 'argument': conversion from 'double' to 'int32_t', possible loss of data
C:\Users\Moritz Desktop\source\repos\Magma Engine v7\includes\OpenVK\OpenVK_GUI.h(1211,51): warning C4244: 'argument': conversion from 'float' to 'int32_t', possible loss of data
C:\Users\Moritz Desktop\source\repos\Magma Engine v7\includes\OpenVK\OpenVK_GUI.h(1210,41): warning C4244: 'argument': conversion from 'float' to 'int32_t', possible loss of data
C:\Users\Moritz Desktop\source\repos\Magma Engine v7\includes\OpenVK\OpenVK_GUI.h(1240,20): warning C4244: '=': conversion from 'float' to 'int32_t', possible loss of data
C:\Users\Moritz Desktop\source\repos\Magma Engine v7\includes\OpenVK\OpenVK_GUI.h(1280,22): warning C4244: '-=': conversion from 'float' to 'int32_t', possible loss of data
C:\Users\Moritz Desktop\source\repos\Magma Engine v7\includes\OpenVK\OpenVK_GUI.h(1281,22): warning C4244: '+=': conversion from 'float' to 'int32_t', possible loss of data
C:\Users\Moritz Desktop\source\repos\Magma Engine v7\includes\OpenVK\OpenVK_GUI.h(1306,22): warning C4244: '+=': conversion from 'float' to 'int32_t', possible loss of data
C:\Users\Moritz Desktop\source\repos\Magma Engine v7\includes\OpenVK\OpenVK_GUI.h(1321,20): warning C4244: '=': conversion from 'float' to 'int32_t', possible loss of data
C:\Users\Moritz Desktop\source\repos\Magma Engine v7\includes\OpenVK\OpenVK_GUI.h(1322,30): warning C4244: '=': conversion from 'float' to 'int32_t', possible loss of data
C:\Users\Moritz Desktop\source\repos\Magma Engine v7\includes\OpenVK\OpenVK_GUI.h(1323,67): warning C4244: '=': conversion from 'float' to 'int32_t', possible loss of data
C:\Users\Moritz Desktop\source\repos\Magma Engine v7\includes\OpenVK\OpenVK_GUI.h(1325,12): warning C4244: '+=': conversion from 'float' to 'int32_t', possible loss of data
C:\Users\Moritz Desktop\source\repos\Magma Engine v7\includes\OpenVK\OpenVK_GUI.h(1329,41): warning C4244: '=': conversion from 'double' to 'float', possible loss of data
C:\Users\Moritz Desktop\source\repos\Magma Engine v7\includes\OpenVK\OpenVK_GUI.h(1362,20): warning C4244: '=': conversion from 'float' to 'int32_t', possible loss of data
C:\Users\Moritz Desktop\source\repos\Magma Engine v7\Magma Engine v7\Helper.h(39,20): warning C4244: 'initializing': conversion from 'double' to 'float', possible loss of data
C:\Users\Moritz Desktop\source\repos\Magma Engine v7\Magma Engine v7\Helper.h(121,10): warning C4477: 'printf' : format string '%x' requires an argument of type 'unsigned int', but variadic argument 1 has type 'void *'
C:\Users\Moritz Desktop\source\repos\Magma Engine v7\Magma Engine v7\Helper.h(121,10): warning C4313: 'printf': '%x' in format string conflicts with argument 1 of type 'void *'
C:\Users\Moritz Desktop\source\repos\Magma Engine v7\includes\ImGui\FileDialog\ImFileDialog.cpp(45,1): warning C4005: 'PI': macro redefinition
C:\Users\Moritz Desktop\source\repos\Magma Engine v7\includes\OpenVK\OpenVK_Defines.h(7): message : see previous definition of 'PI'
C:\Users\Moritz Desktop\source\repos\Magma Engine v7\Magma Engine v7\Renderer\Helper\Meshes.h(225,31): warning C4244: 'argument': conversion from 'double' to 'float', possible loss of data
C:\Users\Moritz Desktop\source\repos\Magma Engine v7\Magma Engine v7\Renderer\Helper\Meshes.h(227,31): warning C4244: 'argument': conversion from 'double' to 'float', possible loss of data
C:\Users\Moritz Desktop\source\repos\Magma Engine v7\Magma Engine v7\Renderer\Helper\Meshes.h(229,78): warning C4244: 'argument': conversion from 'double' to 'float', possible loss of data
C:\Users\Moritz Desktop\source\repos\Magma Engine v7\Magma Engine v7\Renderer\Helper\Meshes.h(229,66): warning C4244: 'argument': conversion from 'double' to 'float', possible loss of data
C:\Users\Moritz Desktop\source\repos\Magma Engine v7\Magma Engine v7\Renderer\Helper\Meshes.h(229,54): warning C4244: 'argument': conversion from 'double' to 'float', possible loss of data
C:\Users\Moritz Desktop\source\repos\Magma Engine v7\Magma Engine v7\Renderer\Helper\Meshes.h(260,24): warning C4244: 'initializing': conversion from 'double' to 'float', possible loss of data
C:\Users\Moritz Desktop\source\repos\Magma Engine v7\Magma Engine v7\Renderer\Helper\Meshes.h(273,11): warning C4244: 'initializing': conversion from 'double' to 'float', possible loss of data
C:\Users\Moritz Desktop\source\repos\Magma Engine v7\Magma Engine v7\Renderer\Helper\Meshes.h(274,56): warning C4244: 'argument': conversion from 'double' to 'float', possible loss of data
C:\Users\Moritz Desktop\source\repos\Magma Engine v7\Magma Engine v7\Renderer\Helper\Meshes.h(292,21): warning C4244: 'initializing': conversion from 'double' to 'float', possible loss of data
C:\Users\Moritz Desktop\source\repos\Magma Engine v7\Magma Engine v7\Renderer\Helper\Meshes.h(293,21): warning C4244: 'initializing': conversion from 'double' to 'float', possible loss of data
C:\Users\Moritz Desktop\source\repos\Magma Engine v7\Magma Engine v7\Renderer\Helper\Meshes.h(295,64): warning C4244: 'argument': conversion from 'double' to 'float', possible loss of data
C:\Users\Moritz Desktop\source\repos\Magma Engine v7\Magma Engine v7\Renderer\Helper\Meshes.h(298,54): warning C4244: 'argument': conversion from 'double' to 'float', possible loss of data
C:\Users\Moritz Desktop\source\repos\Magma Engine v7\Magma Engine v7\Renderer\Helper\Meshes.h(300,18): warning C4244: 'initializing': conversion from 'double' to 'uint32_t', possible loss of data
C:\Users\Moritz Desktop\source\repos\Magma Engine v7\Magma Engine v7\Renderer\Helper\Meshes.h(301,64): warning C4244: 'argument': conversion from 'double' to 'float', possible loss of data
C:\Users\Moritz Desktop\source\repos\Magma Engine v7\Magma Engine v7\Renderer\Helper\ImGuiHelper.h(8,61): warning C4244: 'argument': conversion from 'double' to 'float', possible loss of data
C:\Users\Moritz Desktop\source\repos\Magma Engine v7\Magma Engine v7\Renderer\Helper\ImGuiHelper.h(8,43): warning C4244: 'argument': conversion from 'double' to 'float', possible loss of data
C:\Users\Moritz Desktop\source\repos\Magma Engine v7\Magma Engine v7\Renderer\Helper\ImGuiHelper.h(8,25): warning C4244: 'argument': conversion from 'double' to 'float', possible loss of data
C:\Users\Moritz Desktop\source\repos\Magma Engine v7\Magma Engine v7\Editor\Helper.h(104,2): warning C4267: '=': conversion from 'size_t' to 'uint32_t', possible loss of data
C:\Users\Moritz Desktop\source\repos\Magma Engine v7\Magma Engine v7\Editor\Camera.h(33,21): warning C4244: 'initializing': conversion from 'Uint32' to 'float', possible loss of data
C:\Users\Moritz Desktop\source\repos\Magma Engine v7\Magma Engine v7\Editor\Camera.h(78,28): warning C4244: '=': conversion from 'int32_t' to 'float', possible loss of data
C:\Users\Moritz Desktop\source\repos\Magma Engine v7\Magma Engine v7\Editor\Camera.h(79,28): warning C4244: '=': conversion from 'int32_t' to 'float', possible loss of data
C:\Users\Moritz Desktop\source\repos\Magma Engine v7\Magma Engine v7\Editor\ScriptEngine.h(68,61): warning C4244: '=': conversion from 'lua_Number' to 'float', possible loss of data
C:\Users\Moritz Desktop\source\repos\Magma Engine v7\Magma Engine v7\Editor\ScriptEngine.h(69,61): warning C4244: '=': conversion from 'lua_Number' to 'float', possible loss of data
C:\Users\Moritz Desktop\source\repos\Magma Engine v7\Magma Engine v7\Editor\ScriptEngine.h(70,61): warning C4244: '=': conversion from 'lua_Number' to 'float', possible loss of data
C:\Users\Moritz Desktop\source\repos\Magma Engine v7\Magma Engine v7\Editor\ScriptEngine.h(72,58): warning C4244: '=': conversion from 'lua_Number' to 'float', possible loss of data
C:\Users\Moritz Desktop\source\repos\Magma Engine v7\Magma Engine v7\Editor\ScriptEngine.h(73,58): warning C4244: '=': conversion from 'lua_Number' to 'float', possible loss of data
C:\Users\Moritz Desktop\source\repos\Magma Engine v7\Magma Engine v7\Editor\ScriptEngine.h(74,58): warning C4244: '=': conversion from 'lua_Number' to 'float', possible loss of data
C:\Users\Moritz Desktop\source\repos\Magma Engine v7\Magma Engine v7\Editor\ScriptEngine.h(76,57): warning C4244: '=': conversion from 'lua_Number' to 'float', possible loss of data
C:\Users\Moritz Desktop\source\repos\Magma Engine v7\Magma Engine v7\Editor\ScriptEngine.h(77,57): warning C4244: '=': conversion from 'lua_Number' to 'float', possible loss of data
C:\Users\Moritz Desktop\source\repos\Magma Engine v7\Magma Engine v7\Editor\ScriptEngine.h(78,58): warning C4244: '=': conversion from 'lua_Number' to 'float', possible loss of data
C:\Users\Moritz Desktop\source\repos\Magma Engine v7\Magma Engine v7\Editor\ScriptEngine.h(110,10): warning C4244: '=': conversion from 'lua_Number' to 'int32_t', possible loss of data
C:\Users\Moritz Desktop\source\repos\Magma Engine v7\Magma Engine v7\Editor\SceneManager.h(42,42): warning C4244: '=': conversion from 'float' to 'uint32_t', possible loss of data
C:\Users\Moritz Desktop\source\repos\Magma Engine v7\Magma Engine v7\Editor\SceneManager.h(43,42): warning C4244: '=': conversion from 'float' to 'uint32_t', possible loss of data
C:\Users\Moritz Desktop\source\repos\Magma Engine v7\Magma Engine v7\Editor\SceneManager.h(45,32): warning C4244: '=': conversion from 'float' to 'uint32_t', possible loss of data
C:\Users\Moritz Desktop\source\repos\Magma Engine v7\Magma Engine v7\Editor\SceneManager.h(46,33): warning C4244: '=': conversion from 'float' to 'uint32_t', possible loss of data
C:\Users\Moritz Desktop\source\repos\Magma Engine v7\Magma Engine v7\Editor\AssetBrowser.h(20,49): warning C4267: '=': conversion from 'size_t' to 'uint32_t', possible loss of data
C:\Users\Moritz Desktop\source\repos\Magma Engine v7\Magma Engine v7\Editor\AssetBrowser.h(31,57): warning C4267: '=': conversion from 'size_t' to 'uint32_t', possible loss of data
C:\Users\Moritz Desktop\source\repos\Magma Engine v7\Magma Engine v7\Editor\AssetBrowser.h(102,52): warning C4267: '=': conversion from 'size_t' to 'uint32_t', possible loss of data
C:\Users\Moritz Desktop\source\repos\Magma Engine v7\Magma Engine v7\Editor\AssetBrowser.h(123,60): warning C4267: '=': conversion from 'size_t' to 'uint32_t', possible loss of data
C:\Users\Moritz Desktop\source\repos\Magma Engine v7\Magma Engine v7\Editor\AssetBrowser.h(236,2): warning C4267: 'initializing': conversion from 'size_t' to 'uint32_t', possible loss of data
C:\Users\Moritz Desktop\source\repos\Magma Engine v7\Magma Engine v7\Editor\AssetBrowser.h(283,144): warning C4244: 'argument': conversion from 'int32_t' to 'float', possible loss of data
C:\Users\Moritz Desktop\source\repos\Magma Engine v7\Magma Engine v7\Editor\AssetBrowser.h(283,130): warning C4244: 'argument': conversion from 'int32_t' to 'float', possible loss of data
C:\Users\Moritz Desktop\source\repos\Magma Engine v7\Magma Engine v7\Editor\Editor.h(108,37): warning C4244: 'argument': conversion from 'double' to 'float', possible loss of data
C:\Users\Moritz Desktop\source\repos\Magma Engine v7\Magma Engine v7\Editor\Editor.h(248,19): warning C4244: '=': conversion from 'time_t' to 'int32_t', possible loss of data
C:\Users\Moritz Desktop\source\repos\Magma Engine v7\Magma Engine v7\Editor\Editor.h(251,16): warning C4244: '=': conversion from 'int32_t' to 'float', possible loss of data
C:\Users\Moritz Desktop\source\repos\Magma Engine v7\Magma Engine v7\Editor\Editor.h(436,20): warning C4244: 'initializing': conversion from 'float' to 'int32_t', possible loss of data
C:\Users\Moritz Desktop\source\repos\Magma Engine v7\Magma Engine v7\Editor\Editor.h(437,70): warning C4244: 'argument': conversion from 'double' to 'int', possible loss of data
C:\Users\Moritz Desktop\source\repos\Magma Engine v7\Magma Engine v7\Editor\Editor.h(437,65): warning C4244: 'argument': conversion from 'double' to 'int', possible loss of data
C:\Users\Moritz Desktop\source\repos\Magma Engine v7\Magma Engine v7\Editor\Editor.h(441,41): warning C4244: '=': conversion from 'int32_t' to 'float', possible loss of data
C:\Users\Moritz Desktop\source\repos\Magma Engine v7\Magma Engine v7\Renderer\Pipelines\DebugPipeline.h(78,64): warning C4244: 'argument': conversion from 'double' to 'float', possible loss of data
C:\Users\Moritz Desktop\source\repos\Magma Engine v7\Magma Engine v7\Renderer\Pipelines\ShadowPipeline.h(149,25): warning C4244: 'argument': conversion from 'double' to 'float', possible loss of data
C:\Users\Moritz Desktop\source\repos\Magma Engine v7\Magma Engine v7\Renderer\Pipelines\ShadowPipeline.h(149,33): warning C4244: '=': conversion from 'double' to 'float', possible loss of data
C:\Users\Moritz Desktop\source\repos\Magma Engine v7\Magma Engine v7\Renderer\Pipelines\ShadowPipeline.h(164,70): warning C4244: '=': conversion from 'double' to 'float', possible loss of data
C:\Users\Moritz Desktop\source\repos\Magma Engine v7\Magma Engine v7\Renderer\Pipelines\ShadowPipeline.h(244,50): warning C4244: 'argument': conversion from 'uint32_t' to 'float', possible loss of data
C:\Users\Moritz Desktop\source\repos\Magma Engine v7\Magma Engine v7\Renderer\Pipelines\ShadowPipeline.h(244,33): warning C4244: 'argument': conversion from 'uint32_t' to 'float', possible loss of data
C:\Users\Moritz Desktop\source\repos\Magma Engine v7\Magma Engine v7\Renderer\Pipelines\ShadowPipeline.h(244,22): warning C4244: 'argument': conversion from 'uint32_t' to 'float', possible loss of data
C:\Users\Moritz Desktop\source\repos\Magma Engine v7\Magma Engine v7\Renderer\Pipelines\ScenePipeline.h(106,32): warning C4244: '=': conversion from 'uint32_t' to 'float', possible loss of data
C:\Users\Moritz Desktop\source\repos\Magma Engine v7\Magma Engine v7\Renderer\Pipelines\ScenePipeline.h(262,88): warning C4267: 'initializing': conversion from 'size_t' to 'uint32_t', possible loss of data
C:\Users\Moritz Desktop\source\repos\Magma Engine v7\Magma Engine v7\Renderer\Pipelines\ScenePipeline.h(371,15): warning C4244: 'return': conversion from 'float' to 'int', possible loss of data
C:\Users\Moritz Desktop\source\repos\Magma Engine v7\Magma Engine v7\Renderer\Pipelines\ScenePipeline.h(393,39): warning C4244: 'argument': conversion from 'uint32_t' to 'float', possible loss of data
C:\Users\Moritz Desktop\source\repos\Magma Engine v7\Magma Engine v7\Renderer\Pipelines\ScenePipeline.h(393,27): warning C4244: 'argument': conversion from 'uint32_t' to 'float', possible loss of data
C:\Users\Moritz Desktop\source\repos\Magma Engine v7\Magma Engine v7\Renderer\Pipelines\SSRPipeline.h(139,38): warning C4244: 'argument': conversion from 'uint32_t' to 'float', possible loss of data
C:\Users\Moritz Desktop\source\repos\Magma Engine v7\Magma Engine v7\Renderer\Pipelines\SSRPipeline.h(139,26): warning C4244: 'argument': conversion from 'uint32_t' to 'float', possible loss of data
     Creating library C:\Users\Moritz Desktop\source\repos\Magma Engine v7\x64\Release\Magma Engine v7.lib and object C:\Users\Moritz Desktop\source\repos\Magma Engine v7\x64\Release\Magma Engine v7.exp
LINK : warning LNK4098: defaultlib 'LIBCMT' conflicts with use of other libs; use /NODEFAULTLIB:library
  Generating code
  9 of 4458 functions ( 0.2%) were compiled, the rest were copied from previous compilation.
    0 functions were new in current compilation
    85 functions had inline decision re-evaluated but remain unchanged
  Finished generating code
  Magma Engine v7.vcxproj -> C:\Users\Moritz Desktop\source\repos\Magma Engine v7\x64\Release\Magma Engine v7.exe
